<?xml version="1.0" encoding="UTF-8"?>
<!-- Generated by org.testng.reporters.JUnitReportReporter -->
<testsuite hostname="DESKTOP-VTNF391" failures="0" tests="1" name="com.crm.SupportTickets.AddEditDeleteTicket" time="20.540" errors="0" timestamp="2023-01-31T08:30:17 IST" skipped="0">
  <testcase classname="com.crm.SupportTickets.AddEditDeleteTicket" name="addEditDeleteTicket" time="20.540"/>
  <system-out>
    <![CDATA[Ticket is created
Ticket is edited
Ticket is deleted]]>
  </system-out>
</testsuite> <!-- com.crm.SupportTickets.AddEditDeleteTicket -->
