<?xml version="1.0" encoding="UTF-8"?>
<!-- Generated by org.testng.reporters.JUnitReportReporter -->
<testsuite hostname="DESKTOP-VTNF391" failures="0" tests="1" name="com.crm.inventoryVendors.CreateEditDeleteVendorTest" time="14.517" errors="0" timestamp="2023-01-31T08:30:17 IST" skipped="0">
  <testcase classname="com.crm.inventoryVendors.CreateEditDeleteVendorTest" name="createEditDeleteVendorTest" time="14.517"/>
  <system-out>
    <![CDATA[Vendor is successfully created
Vendor is successfully edited
Vendor is successfully Deleted]]>
  </system-out>
</testsuite> <!-- com.crm.inventoryVendors.CreateEditDeleteVendorTest -->
