<?xml version="1.0" encoding="UTF-8"?>
<!-- Generated by org.testng.reporters.JUnitReportReporter -->
<testsuite hostname="DESKTOP-VTNF391" failures="0" tests="1" name="com.crm.InventoryProducts.CreateEditDeleteProducts" time="17.583" errors="0" timestamp="2023-01-31T08:30:17 IST" skipped="0">
  <testcase classname="com.crm.InventoryProducts.CreateEditDeleteProducts" name="createEditDeleteProducts" time="17.583"/>
  <system-out>
    <![CDATA[Product is successfully created
product is successfully edited
product is successfully deleted]]>
  </system-out>
</testsuite> <!-- com.crm.InventoryProducts.CreateEditDeleteProducts -->
