<?xml version="1.0" encoding="UTF-8"?>
<!-- Generated by org.testng.reporters.JUnitReportReporter -->
<testsuite hostname="DESKTOP-VTNF391" failures="0" tests="1" name="com.crm.Leads.CreateLeadEditLeadDeleteLead" time="29.574" errors="0" timestamp="2023-01-31T08:30:17 IST" skipped="0">
  <testcase classname="com.crm.Leads.CreateLeadEditLeadDeleteLead" name="createLeadEditLeadDeleteLead" time="29.574"/>
  <system-out>
    <![CDATA[Lead is created
Lead last name is edited
Lead is deleted]]>
  </system-out>
</testsuite> <!-- com.crm.Leads.CreateLeadEditLeadDeleteLead -->
