<?xml version="1.0" encoding="UTF-8"?>
<!-- Generated by org.testng.reporters.JUnitReportReporter -->
<testsuite hostname="DESKTOP-VTNF391" failures="0" tests="1" name="com.crm.ProjectOOPS.CreateEditDeleteProjectOoops" time="20.572" errors="0" timestamp="2023-01-31T08:30:17 IST" skipped="0">
  <testcase classname="com.crm.ProjectOOPS.CreateEditDeleteProjectOoops" name="createEditDeleteProjectOoops" time="20.572"/>
  <system-out>
    <![CDATA[project oops is created
ProjectName is successfully edited
Project is successfully deleted]]>
  </system-out>
</testsuite> <!-- com.crm.ProjectOOPS.CreateEditDeleteProjectOoops -->
