<?xml version="1.0" encoding="UTF-8"?>
<!-- Generated by org.testng.reporters.JUnitReportReporter -->
<testsuite hostname="DESKTOP-VTNF391" failures="0" tests="1" name="com.crm.InventoryOrganisation.CreateEditDeleteOrganisationTest" time="14.543" errors="0" timestamp="2023-01-31T08:30:17 IST" skipped="0">
  <testcase classname="com.crm.InventoryOrganisation.CreateEditDeleteOrganisationTest" name="createEditDeleteOrganisationTest" time="14.543"/>
  <system-out>
    <![CDATA[Organisation is created
Organisation is edited successfully
Organisation is deleted successfully]]>
  </system-out>
</testsuite> <!-- com.crm.InventoryOrganisation.CreateEditDeleteOrganisationTest -->
