<?xml version="1.0" encoding="UTF-8"?>
<!-- Generated by org.testng.reporters.JUnitReportReporter -->
<testsuite hostname="DESKTOP-VTNF391" failures="0" tests="1" name="com.crm.Opportunity.CreateEditDeleteOpportunity" time="23.802" errors="0" timestamp="2023-01-31T08:30:17 IST" skipped="0">
  <testcase classname="com.crm.Opportunity.CreateEditDeleteOpportunity" name="createEditDeleteOpportunity" time="23.802"/>
  <system-out>
    <![CDATA[Opportunity is created
Opportunity is edited
Opportunity is deleted]]>
  </system-out>
</testsuite> <!-- com.crm.Opportunity.CreateEditDeleteOpportunity -->
