<?xml version="1.0" encoding="UTF-8"?>
<!-- Generated by org.testng.reporters.JUnitReportReporter -->
<testsuite hostname="DESKTOP-VTNF391" failures="0" tests="1" name="com.crm.SalesContacts.CreateEditDeleteSalesContactTest" time="15.896" errors="0" timestamp="2023-01-31T08:30:17 IST" skipped="0">
  <testcase classname="com.crm.SalesContacts.CreateEditDeleteSalesContactTest" name="createEditDeleteSalesContactTest" time="15.896"/>
  <system-out>
    <![CDATA[contact is created
contact is edited successfully
contact is deleted successfully]]>
  </system-out>
</testsuite> <!-- com.crm.SalesContacts.CreateEditDeleteSalesContactTest -->
