<?xml version="1.0" encoding="UTF-8"?>
<!-- Generated by org.testng.reporters.JUnitReportReporter -->
<testsuite hostname="DESKTOP-VTNF391" failures="0" tests="1" name="com.crm.SalesProduct.CreateEditDeleteProduct" time="16.596" errors="0" timestamp="2023-01-31T08:30:17 IST" skipped="0">
  <testcase classname="com.crm.SalesProduct.CreateEditDeleteProduct" name="createEditDeleteProduct" time="16.596"/>
  <system-out>
    <![CDATA[Product is created
Product is edited successfully
Product is deleted successfully]]>
  </system-out>
</testsuite> <!-- com.crm.SalesProduct.CreateEditDeleteProduct -->
